<?xml version="1.0" encoding="UTF-8"?>
<!-- Generated by org.testng.reporters.JUnitReportReporter -->
<testsuite skipped="0" hostname="DESKTOP-8DUI1RP" name="Test.TestAPI" tests="1" failures="0" timestamp="04 May 2021 05:06:56 GMT" time="3.477" errors="0">
  <testcase name="getallusers" time="3.477" classname="Test.TestAPI"/>
</testsuite> <!-- Test.TestAPI -->
